
PortaFIB 2.0.13
==============

2020-11-17 L'opció de clonar petició del sol·licitant perd la informació dels revisors #494

2020-11-17 El nombre mínim de revisors i quins són obligatoris dins un flux de firma no està documentat #495

2020-11-16 Donar informació al destinatari de les peticions que no es poden signar perquè no estan revisades #496

2020-11-16 Actualitzar el plugin FIRe a la 2.3 #506

2020-11-11 Demo de PortaFIBapp #502

2020-11-11 Els caràcters amb "," al nom del fitxer firmat donen problema en davallar amb Chrome #507

2020-10-29 Error carregant peticions pendents amb navegador mòbil #505

2020-10-21 Error al enviar una peticio de firma via REST v2 a un usrapp amb logo #498

2020-10-05 Poder ficar contrasenyes emprades en Plugins dins portafib-properties-service.xml #328


PortaFIB 2.0.12
==============

2020-09-18 Corregir tests #497

2020-09-17 Comprovar claus repetides de Propietats Globals #137

2020-09-17 Opcions girades dins el menú de sol·licitant #493

2020-09-17 Quan validació de firma falla es llança I18NException que provoca rollback #490

2020-09-16 Error donant d'alta usuari extern des de api de fluxes #492

2020-09-15 Eliminar cridades a XTrustProvider.install #491

2020-09-10 Netejar default.css #67

2020-09-08 Quan es rebutja des de la vista completa no agafa correctament els caràcters especials #487

2020-09-08 Implementar plugin de firma web per Viafirma-fortress #489

2020-09-08 Destinatari: Poder revisar amb vista completa totes les firmes pendents #480

2020-08-19 Quan la configuració de firma no té Filtre de Certificats hauria de collir la d'entitat #488


PortaFIB 2.0.11
==============

2020-08-04 Revisar si quan feim una Autoritzacio de Delegació s'esborren els fitxers temporals #110

2020-08-03 No es netegen els fitxers temporals creats amb l'API Firma Simple Web #486

2020-07-31 Actualitzar scripts de creació de dades inicials #462

2020-07-31 Emprant API Firma Simple en mode FullView el plugin d'Autofirma no es carrega bé #485

2020-07-30 Compilació amb Java 7 falla a qualcuns repositoris Maven #484

2020-07-30 Modificar manual de instal·lació: Canvi de versió de JDK per compilar #483

2020-07-24 Poder Amagar Panell lateral que conté el menú de forma dinàmica. #17

2020-07-22 La firma per realitzar una delegació no té en compte totes les polítiques de segell de temps #437

2020-07-22 Quan la validació d'una firma de delegació falla queda la delegació en un estat inconsistent #482

2020-07-22 L'opció TOTS dels llistats s'hauria d'inhabilitar/canviar #446

2020-07-22 Optimitzar la càrrega de Tipus Documentals #450

2020-07-20 ExpedientName ni ExpedientUrl funcionen #481

2020-07-17 Afegir Profile per generar BACK amb "ClientCert" #435

2020-07-17 Millorar Menus d'Opcions de la Capa de Presentació. #337

2020-07-14 Quan s'empra l'API Firma Simple amb VIEW_IFRAME no redirecciona adequadament a la finestra principal #479

2020-07-10 L'exemple apifirmasimple-example-war no funciona correctament #478

PortaFIB 2.0.10
==============

2020-07-08 Revisar misstage de petició de signatura externa #477

2020-07-07 Ús incorrecte de SimpleDateFormat #443

2020-07-03 A la gestió de notificacions recuperar l'agrupació per usuari aplicació #474

2020-07-03 Basar el nom de l'arxiu firmat de les peticions de firma amb el nom del fitxer original #476

2020-07-02 L'api WS Portafirmas (Indra) sempre empra l'algoritme SHA1 #475

2020-07-01 Afegir mètode per Descarrega d'originals a APiFirmaSimpleAsync #451

2020-07-01 Quan la propietat "portafiburlforexternalsignatures" no està definida l'error no es propaga adequadament #473

2020-07-01 La creació de peticions de firma amb l'api WS V1 reescriure innecessariament dos pics el fitxer #472

2020-07-01 L'usuari entitat pot canviar el plugin de custodia encara que la política no li permeti #469

2020-07-01 Simplificar opcions de custòdia #465

2020-06-30 El botó de cancel·lar/tornar a la pàgina "/aden/peticio/custodiainfo/view/" no sempre funciona #471

2020-06-23 L'API REST V2 ASYNC falla quan el profile és null o buid #458

2020-06-22 Revisar les opcions de custòdia que apareixen per usuari aplicació #468

2020-06-19 Quan es crida "createAndStartPeticioDeFirma" des de l'api WS V1 no funciona la custòdia #466

2020-06-19 Error creant custòdia quan el sol·licitant té "llibertat total" #467

2020-06-17 Afegir el id a llistat de plantilles de fluxos de firma #459

2020-06-17 Compilació des de 0 falla si es defineix el profile -Pws-portafib-v1 #461

2020-06-17 Tooltip amb el dia del build no s'actualitza si no es recompilen els JSP #460

2020-06-17 El botó per modificar flux de firmes de l'Administrador Entitat no funciona #464

2020-06-15 Activar la migració de sessions #463

PortaFIB 2.0.9
==============

2020-06-05 Errada al menú d'adminstrador entitat: "Modificar dades de Persona" / "Alta de Persones" #438

2020-06-05 Moure l'opció "Llistat Firmes Externes" del menú Administrador Entitat #440

2020-06-05 A la bitàcola no apareix l'usuari aplicació que crea les peticions síncrones #442

2020-06-05 Camps obligatoris no validats a api Passarela V1 #457

2020-06-05 Introduir logs a les firmes síncrones perquè imprimeixi l'id de transacció davant errors inesperats #449

2020-06-05 Els identificadors de l'API de passrela no caben dins la bitàcola #436

2020-06-05 No agafa correctament la codificació de caràcters del text inserit com a motiu de firma #411

2020-06-04 Problemes de rendiment en les consultes de petició de firma i bitàcola #434

2020-06-03 NullPointerException per mor del fitltre de certificats #456

2020-05-29 Acursar nom de la petició en llistat de Solicitant #147

2020-05-29 Acursar nom de la petició en llistat de Destinatari,Delegat i Col·laborador #430

2020-05-28 Els errors de bitàcola fan fallar tot el procés de notificacions #453

2020-05-28 Evitar consultes múltiples a les pantalles de llistats estatsdefirma/peticiodefirma #447

2020-05-22 Optmitzar la generació del nombre d'avisos #445

2020-05-20 Falla notificador de l'api d'Indra quan la petició s'ha esborrat #441

2020-05-20 Error a l'API Indra/Portafirmas quan s'intenta descarregar un document que ha estat parcialment firmat #444

2020-05-12 Error al formulari per generar estadístiques amb IE #433

PortaFIB 2.0.8
==============

2020-05-08 Camsp de tipus DOuble dona error no controlat al fallar el format #192 

2020-05-05 Cliente Movil @firma no funciona #427

2020-04-30 Estudi de Firma des de Mòbil (Petició Ramon Roca) #426

2020-04-30 GenApp: No pot fer sort() d'un llistat Inmodificable #370

2020-04-27 La compilació per defecte no carrega l'ear #421

2020-04-23 PortaFIB-WS: No fer Shade de Constants #423

2020-04-22 Quan hi hagi un error en un camp mostrar un avis adalt #424

2020-04-22 PortaFIB-WS: No fer Shade de Constants #423

2020-04-22 El número d'avisos quan hi ha notificacions bloquejades apareix a Admin Entitat enlloc de Admin d'Aplicacions #418

2020-04-21 Llistat de Plantilles de Flux de Firmes de " Admin. d´Aplicacions" es mosta en pipella erronia #422 

2020-04-21 El número d'avisos quan hi ha notificacions bloquejades apareix a Admin Entitat enlloc de Admin d'Aplicacions #418

2020-04-20 Permetre afegir usuaris externs al sol·lictant #420 

2020-04-16 Poder donar d'alta Usuaris Extern des de Flux de Firmes #355

2020-04-07 Error quan nom de l'arxiu de pfi_fitxer conté caràcters especials #425

2020-03-25 Error esborrant Plugin de firma web que te Plugin-Tipus Documental #415

2020-03-20 Eliminar referències a repositori maven obsolet #416

2020-02-26 Inicialitzar portafib-2.0.8 #414



PortaFIB 2.0.7
==============

2020-02-26 No agafa correctament la codificació de caràcters del text inserit com a motiu de firma #411

2020-02-24 Fer exemple web per API Firma Simple Sincrona #404

2020-02-21 Errors Clonant Petició o Creant peticio si aquesta conté Revisors #412

2020-02-21 Problema de RollBack al CrearPetició amb Custòdia #407

2020-02-20 Emprant API WS V1 no fa cas de la política de segellat de temps indicada a la configuració de firma #410

2020-02-19 Problema de rendiment en iniciar una petició de firma #409

2020-02-13 Problemes en API Rest en Servidor: retorn de signDocument i perfilID cadena buida #406

PortaFIB 2.0.6
==============

2020-02-07 Fer llistat d'Usuaris Externs dins d'AdEn @DGMAD #362

2020-02-07 Afegir a bitàcola els intents de notificació fallits #402 

2020-02-06 Usuaris Externs: Analisi II @DGMAD #372

2020-02-04 Substituir logos #401

2010-01-29 Servei Rest de API Firma Sincrona Simple per generar Flux de Firmes #378

2020-01-15 Normalitzar versions dels plugins validatecertificate i validate signature #403

PortaFIB 2.0.5
==============

2019-12-18 Els sol·licitants no poden esborrar les peticions de firma creades #400

2019-12-18 Revisar fitxers de traduccions i traduccions de genapp #398

PortaFIB 2.0.4
==============

2019-11-29 NullPointerException per mor de que es guarda un valor null dins una Notificacio #395

2019-11-29 Canvi nomenclatura fitxers sql #397

2019-11-28 Com validar firmes amb Certificats amb Pseudònim #393

2019-11-28 La validació de Firmes de afirmacxf no parseja bé el camp DenominaciónSistemaComponente #396

El procés final de firma genera un log d'error sense que res vagi malament #394

Revisar missatge i lloc de retorn en Politica Plugins Web UsrEntitat i UsrApp #391

Canvi dades usuaris i donar Roles via WS #390

Desactivar les firmes XAdES dels PLugins de Firma si estam en JBoss 5.2 #388

Error de pantalla en Consulta i gestió de Peticions de firma #387

Error en comparació fitxer original i signat en firmes XADES #384

L'autofirma deixa el directori en un estat inconsistent després de pujar fitxer invàlid #383

MotiuDeFirma i FirmatPerDelegacio no estan actius a Configuració de Firma #380

Separar menús d'Administrador d'Entitat #379

2019-10-24 No s'esborren les traduccions associades a Taules #376

Plugin de Firma en Servidor @firma no genera firmes CAdES ATTACHED #241

Millores en Revisors de Firmes #190

Afegir política de plugins de firma web #173


PortaFIB 2.0.3
==============

2019-10-23 Separar menús d'Administrador d'Entitat #379

2019-10-23 Llistat de Peticions de Passarela i API Firma Simple #339

2019-10-22 Controlar perdua de sessió #304

2019-10-22 Plugin validacio firmes @firma: Error validant XADES Detached #350

2019-10-21 Afegir política de plugins de firma web #173

2019-10-21 Columna de remitent dinàmica el els Llistats de Peticions de Firma d'AdEn #340

2019-10-21 Token de Firma Unic per usuari Extern #359

2019-10-21 Error en el Test testUpgradeSignatureXAdESOfBinary() de Api Firma Simple en Servidor #306

2019-10-21 No s'esborren les traduccions associades a Taules #376 

2019-10-15 Bitacola als canvis de configuracions dels Usuaris Aplicació #335

2019-10-15 No mostra res el visor de Documents de Vista Completa #374 

2019-10-14 Afegir dins Bitacola, les peticions de Api Firma Simple #251

2019-10-14 Millores Usuaris Externs #373

2019-10-10 Fer còpia de Configuració en Petició de Firma #371

2019-10-10 Usuaris Externs amb correu incorrecte #369 

2019-10-10 Reiniciar Peticions de Firma des d'Administrador d'Entitat no va molt be #368

2019-10-08 Modificar Flux de Firmes per mostrar usuari extern enlloc d'usuari persona #361

2019-10-08 Usuari Extern: No permetre modificar Usuari Entitat associat a usuari Extern #360


PortaFIB 2.0.2
==============

2019-10-08 Usuaris externs puguin firmar #162 

2019-10-01 Fer que els usuaris aplicació s'autentiquin a traves de JBoss i no emprant contrasenya de BBDD #277 

2019-09-27 Suportar CAdES a Firma Web, API Firma Simple Web i API Firma Simple Async #294 

2019-09-27 Suportar XAdES a Firma Web, API Firma Simple Web i API Firma Simple Async #333 

2019-09-27 Bitacola: Poder filtrar per entitat #321 

2019-09-27 Afegir dins la taula de bitacola els camps necessaris per fer la Bitacola Genèrica #325


PortaFIB 2.0.1
==============

2019-08-26 Donar suport a les Polítiques de Custodia restants de la Issue 165 #244

2019-08-08 Mostrar estat en les Propietats per Entitat, Propietats Globals i Propietats de Sistema PortaFIB #318

2019-08-07 Check de Modificació de doc. Firmat: Eliminar Codi Deprecated i eliminar càlculs innecessaris #308

2019-08-05 Revisió completa de Custòdia amb Arxiu CAIB #314 

2019-08-01 Primera versió de que Usuaris externs puguin firmar (versió per CAIB) #309 

2019-07-26  Camp "Configuració de Firma" no ha de sortir en Petició de Firma #303 

2019-07-24 Canviar sistema de validació de document original modificat durant les firmes #300 

2019-06-27 Nous camps a Firma i a Petició de Firma #281 

2019-06-25 Documentar API firma Simple per Signatures Asíncrones #273 

2019-06-25 Afegir Nous Tipus Documentals #274 

2019-06-25  Nova versió 2.0.1 #282  

PortaFIB 2.0.0
==============

2019-06-18 API firma Simple per Signatures Asíncrones #224 

2019-06-07 Millorar Interfície de Estadístiques #258

2019-06-04 Afegir Política custodia a Entitat, Usuari-Entitat i usuari- Aplicació #165 

2019-05-29 Reviure la Bitàcola de PortaFIB #223

2019-05-27 No funciona Vista Completa si el nom del fitxer conté cometes simples #210

2019-05-20 Eliminar SenseSuportJava jsp, controller, missatges i tiles. #265

2019-05-20 Eliminar deploydev i deploypro de PortaFIB i GenApp #264

2019-05-16 Solució per HTTPS amb ClientCert #259 

2019-05-13 Implementar tots els sistemes de validació i les polítiques corresponents #254

2019-05-08 Llistat de Fitxers per Peticio de Firma #246

2019-04-30 Error en redireccionar a firma després de crear una delegació #260

2019-04-30 Hora inici delegació reduir a 5 minuts #212

2019-04-29 Api Firma Simple: Poder enviar peticions sense codi de Perfil #247

2019-04-24 Error en la opció modificar dades entitat #255

2019-04-05 Nova gestió de Polítiques de Custòdia

2019-03-21 Motiu de la firma a nivell Firma #163 

2019-03-19 Pantalla en blanc quan se validen les firmes #227 

2019-03-15 URL Absoluta en la Configuració de UsrApp i enviament de la URL Bona a traves de web #181

2018-11-08 Neteja de taules de BBDD #199

2018-11-02 ApiFirmaSimple: Afegir informació de perfil i informació del format del fitxer retornat #207

2018-10-31 Falta destinatari en col·laboracions i delegacions #206

2018-10-30 Bug: Firmat per, data i motiu utilitza idioma de UserInterface #205

2018-10-29 Plugin de Firma Web per Firma Nuvol de FNMT #203

2018-10-25 Faltes d'ortografia en missatges del Plugin de AutoFirma i MiniApplet #197

2018-10-18 FileSystemManager configurable per Classe #183

2018-10-16 Estadístiques de peticions iniciades/finalitzades per usuari-aplicacio #168

2018-10-11 Nous camps a PeticioDeFirma #164 (afegir informacioAddicionalAvaluable i mostrar nous camps)

2018-10-08 Eliminar Filtre CAIB quan l'entorn és CAIB #182

2018-10-08 Afegir propietat per desactivar taula de firmes en peticions de WS i Passarel·la #186

2018-10-03 Problemes amb AUTOFIRMA i firmes massives: firma corrupta #187

2018-09-29 Revisors a nivell de Capsa de Firma (o sigui per Petició) #169

2018-08-14 Actualitzar Plugins de Firma Web i en Servidor a PluginsIB v2.0  #178

2018-05-29 API de Firma SIMPLE Web  #148

2018-05-17 API de Firma SIMPLE en Servidor  #148

2018-03-13 Nova Versió de PortaFIB 2.0.0 #118

2018-04-16 Canvis de BBDD #118 #148 #160 #161 #162 #163 #164 #165 #166 #168 #169 #170 #171 #173


PortaFIB 1.1.4
==============

2018-03-08 Tancar versió PortaFIB 1.1.4

2018-03-08 ApiFirmaSimple: Optimitzar ApiFirmaWebSimple i implementar ApiFirmaEnServidorSimple #148

2018-03-05 Error "Received fatal alert: protocol_version" al descarregar o pujar del repositori maven #158

2018-03-02 GENAPP: No funciona el referenceList quan el camp es ReadOnly https://github.com/GovernIB/genapp/issues/20

2018-03-02 Eliminar Coa JBoss de Notificacions Ws i substituir-la per un Timer #157

2018-02-23 Problemes amb les notificacions WS 	pèrdua de la transacció) #155

2018-02-22 Plugin de Firma en Servidor que utilitzi llibreries de @firma #154

2018-02-20 API de Firma Web Simple: Exemple WebApp d'ús d'aquesta API #148

2018-02-14 Actualitzar API de Document Custody a PortaFIB #153

2018-02-14 Nou Manual de Migració de Versions de PortaFIB

2018-02-13 API de Firma Web Simple: Simplificar el Model de API de Firma Web emprant Cridades REST i Servidor Intermedi 	Prototipus) #148

2018-02-13 Nou versionat de les API's del Directori WS de PortaFIB #152

2018-02-13 Nova Versió de PortaFIB 1.1.4 #152


PortaFIB 1.1.3
==============

2018-02-06 Nova Versió Plugin Autofirma 2.0.5:
          * Timeout en Firmes Batch i Repositori de Certificats Firefox en Windows #151
          * Acentos en Reason no aparecen bien al firmar #144

2018-01-31 Nova Versió Plugin Autofirma 2.0.4 	Cache de rubriques en disc #150)

2018-01-26 Plugin de Firma WEB FIRe. #146

2018-01-22 Autofirma + Taula de Firmes +Cert.En.Targeta => Error Validació PDF 	Error en firmes múltiples) #138

2017-12-13 Actualitzar Plugin de Segellat de Temps de TS@ 	suportar jdk 1.7)

2017-11-13 No es marca com a pendent de revisió una Petició REBUTJADA #145

2017-11-08 Plugin Web Autofirma: Solucionat el mal funcionament del filtre de Certificats #143

2017-11-08 Plugin Web Autofirma: Nova propietat firefoxinwindowsuseoskeystore 	veure manual d'Usuari #142)

2017-11-07 Actualitzar Plugin de Certificat FAKE per suportar certificats "IDCES-" de la FNMT

2017-11-06 Millores en Plugin Autofirma, Proves i lògica de l'opció "Firma un Document" #141

2017-10-19 Eliminar repositoris locals 	local-repo) de PortaFIB 	MiniApplet i SIA). #140

2017-10-18 Plugin Web Autofirma: No descarregava rúbrica en entorns HTTPS. #140

2017-10-10 Plugin Web Autofirma: Nova versió 2.0.3. Solucionat problema de PDF corrupte
           quan es firmava un PDF amb taula de firmes
           	Veure detalls https://github.com/GovernIB/portafib/issues/138)

2017-09-27 Afegir botó per testejar URL de CallBack en llistat d'Usuaris-Aplicació #135

2017-09-25 Actualitzar Plugin de Firma Web Cl@veFirma a v2.0.3 	Noves propietats, veure Manual d'Usuari) #134

2017-09-15 Afegir Boto de "Marcar com revisat" de items seleccionats en Peticions de Sol·licitant #132

2017-09-21 Millores plugin de Autofirma quan expira el temps i quan cancel·la l'usuari #133

2017-09-11 Solucionar Bug que no permetia esborrar peticions amb fitxers netejats #130

2017-09-08 Millores en AgentsSeycon: canvi comportament i solventar CallerUnauthorized en JBoss 5.1 #129

2017-09-05 Manual Manual_de_WebServices_i_CallBack_de_PortaFIB.odt s'ha dividit en tres documents:
                 - Manual_de_WebServices_de_PortaFIB.odt
                 - Manual_de_CallBack_de_PortaFIB.odt
                 - Manual_de_RESTServices_de_PortaFIB.odt

2017-09-04 Afegit servei REST autenticat pel llistat d'avisos d'un usuari-entitat i mètode echo 	Veure Manual de RESTServices)

2017-08-24 Afegit servei REST pel llistat de Tipus de Documents 	Veure Manual de WebServices)

2017-08-18 Afegir suport de CallBack REST per Notificar canvis en les Peticions de firma 	Veure Manual de WebServices)

2017-08-04 Afegides propietats newjavascripturl i newcssurl als plugins de Firma Web AutoFirma i MiniAppletInClient

2017-08-04 Revisió global del Plugin de Firma Web de Cl@veFirma 	Formulari Alta MINHAP)

2017-07-24 Pantalla per realitzar neteges de fitxers de peticions de firmes 	Menú AdEn) #113

2017-06-26 Neteja de fitxer adaptat i firmes intermèdies després de Finalitzada o Rebutjada una petició de firma #109

2017-06-23 Actualitzar Plugin de Firma Web Cl@veFirma a la versió 1.1 

2017-06-21 Només mostrar camp de Descripció de Tipus Documental de la Petició de Firma si Tipus Documental val 99 	Altres documents) #108

2017-06-20 Afegir Filtres de Cerca de Petició dins pantalles de Destinatari, Delegat i Col·laborador, així com millorar llistats  #107

2017-06-19 Afegir informació d'expedient dins el camp informacioAddicional de PeticioDeFirma #106 

2017-06-19 Afegir botó de descarrega directe de fitxers #105

2017-06-16 Suportar firmes CADES en Plugin de MiniAppletInServer 	Web i En Servidor)

2017-06-15 Permetre firmar PDFs amb firmes preexitens	Nova propietat es.caib.portafib.ignorecheckpostsign per indicar si verificar PDF rebut del plugin de firma). #103

2017-06-12 Obrir versió de PortaFIB 1.1.3



PortaFIB 1.1.2
==============

2017-06-13 Alliberar versió de PortaFIB 1.1.2

2017-02-21 Afegir suport de JKS en Plugin de MiniApplet en Servidor.

2017-02-17 Solucionat Bug en la generació de firmes EPES  #94

2017-02-16 Suportar firmes múltiples am Autofirma, Android i IOS amb el plugin de Firma
           Web "Cliente Móvil @firma" 	actualitzar a la versió 1.5 de firma trifàsica)

2017-02-03 Suportar Chrome amb Android i IOS amb el plugin de Firma Web "Cliente Móvil @firma"

2016-12-30 Implementar Plugin de Firma en Servidor emprant @firma federat #91

2016-12-01 Fer que Plugin de Firma Web de AutoFirma, funcionin els certificats

2016-11-30 Eliminar transferència CHUNKED de plugin de CheckCertificate de @firma

2016-11-28 Pàgina dins exemple de Plugins de Firma Web per mostrar les funcionalitats dels plugins.
 
2016-11-23 Implementat Plugin de Firma Web emprant Cl@aveFirma

2016-11-04 Suportar Segellat de Temps en firmes CAdES i SMIME en el Plugin AutoFirma de @Firma #85

2016-11-02 Bug en Plugin de MiniApplet en Client quan es firmaven múltiples fitxers
           emprant un certificat dins d'una targeta. #84

2016-10-13 Afegir propietat es.caib.portafib.activeusuarientitatafteragentseyconcreation  #83

2016-10-11 Suportar SMIME i CADES en Plugin de MiniApplet/JNLP #22

2016-10-08 Problemes en Firefox amb el PLugin de Autofirma 	javascript: setTimeout-setInterval) #23

2016-10-07 Suportar SMIME en Plugin de Autofirma de @firma #21

2016-09-29 Obrir versió de PortaFIB 1.1.2


PortaFIB 1.1.1
==============

2016-09-29 Alliberar versió de PortaFIB 1.1.1

2016-09-27 Unificar respositoris maven en un de sol 	https://github.com/GovernIB/maven)

2016-09-20 Nova propietat d'entitat "es.caib.portafib.autofirmaallowed", utilitzada
           per forçar la visibilitat de l'opció "Gestió d'AutoFirmes" del Menú d'Inici.

2016-09-01 Implementar API de Firma en Servidor. Plugin de Firma en Servidor de MiniApplet
           i Plugin de Firma en Servidor emprant PortaFIB 	passarel·la de firma en servidor)

2016-08-12 DAV Afegides propietats es.caib.portafib.avisosfirmespendents.diesabans i
           es.caib.portafib.avisosfirmespendents.cron que serveixen per enviar correus
           a la gent que te peticions de firma pendents aprop de la data de caducitat

2016-08-09 Nova propietat global es.caib.portafib.notificationwhencreatedelegaciocolaboracio
           que indica si s’han d’enviar avisos via correu electrònic als delegats o 
           col·laboradors quan són assignats per un destinatari.

2016-08-08 Delegats i Col·laboradors poden saber de qui són Delegats i Col·laboradors

2016-08-04 Afegir suport de Taula de Firmes al Mòdul de Firma  @firma AutoFirma 

2016-08-02 Solucionat Bug en col·laboradors/delegats: no es podia filtrar per tipus de document.

PortaFIB 1.1.0
==============

2016-08-03 Gestió de Versions. Creat tag de la versió PortaFIB 1.1.0

2016-06-10 Nou mòdul de Firma  @firma AutoFirma i Clients Mòbils @Firma amb suport per PAdES, CAdES i XAdES.

2016-05-25 Actualitzar-se a API de Document Custody 2.0.0

2016-05-23 Suport de XAdES en API de Firma per Plugins MiniApplet in Client i MiniApplet in Server

2016-05-12 Millores en Api de Firma:
                  - Eliminar descobriment de java en navegador
                  - Incloure filtre dins del propi plugin

2016-05-09 Sist: Afegir propietat global de bbdd "es.caib.portafib.logouturl"
           AdEn: Separar opcions d'uauri aplicacio en un menú especific
           Soli: Descarrega massiva de documents firmats           

2016-04-06 Afegir Passarel·la de Firma a les funcionalitats de PortaFIB

2016-03-11 Actualitzar MiniApplet de la versió 1.3 a la 1.4.

2016-02-22 Fusionar Plugins de Firma MiniApplet com Applet i JavaWebstart en MiniApplet en Client

2016-01-12 Migració de propietats del fitxer de properties a Propietats Global i d'Entitat de la Web

2015-12-22 Afegir Mòdul de Firma SIA

2015-12-15 Optimitzacions:
         + Optimitzar tamany de la rubrica en PDF 	Reducció a un 17% del tamany original)
         + Optimitzar gestió de Mòduls de Firma emprant fitxers enlloc de byte[]
         + Optimitzar firmes múltiples emprant threads per processar documents firmats a mesura que arriben.

2015-12-11 Migració de propietats de l'entitat del fitxer de properties a camps de l'Entitat a BBDD

2015-12-04 Gestió de ús de Mòduls de Firma específics segons el Tipus de Documents d'una petició de Firma.

2015-12-01 Afegir Taula de BBDD de Propietats Globals

2015-12-01 Gestió de Plugins de Custòdia	ADMIN) i Plantilles de Custòdia	ADEN)

2015-11-25 Gestió de Plugins de Segellat de Temps i Segellat de Temps en els Mòduls de Firma

2015-11-19 Gestió de Moduls de Firma

2015-11-13 Noves entrades de taules i camps de BBDD per preparar futures millores: 	Requereix actualització de BBDD)
                 	1) Relació entre Modul de Firma i Tipus de Document
                 	2) Incrementar tamany de camp mime de Fitxer
                 	3) Nous camps a la Taula d'Entitat:
                      	3.1) Format del camp ´Motiu Delegació´
                      	3.2) Format del camp ´Firmat per´
	                  	3.3) Algorisme de firma
	                  	3.4) Comprovar certificat en ClientCert
	                  	3.5) Comprovar NIF després de firmar
                      	3.6) Plantilla de Custòdia per defecte
                 	4) Taula de Plugins
                 	5) Taula rebreavis afegir boolea per agrupar

2015-11-12 Gestió web dels Mòdul de Firma 

2015-11-10 Moduls de Firma com a Sistema de Firma